boot> help

base    - print or set address offset
bootm   - boot application image from memory
bootp	- boot image via network using BootP/TFTP protocol
cmp     - memory compare
cp      - memory copy
crc32   - checksum calculation
dhcp	- invoke DHCP client to obtain IP/boot params
dump_hw_info - dump hardware info
erase   - erase FLASH memory
exit    - exit script
flinfo  - print FLASH memory information
format_flash_fs	- format flash file system
format_uboot_env - format uboot environment.
go      - start application at address 'addr'
help    - print online help
image_flash	- upgrade image via network using TFTP protocol
image_netboot	- boot image via network using TFTP protocol
loads   - load S-Record file over serial line
md      - memory display
mm      - memory modify (auto-incrementing)
mtest   - ALT RAM test
mw      - memory write (fill)
nm      - memory modify (constant address)
ping	- send ICMP ECHO_REQUEST to network host
print_bootinfo	- print boot info of device
print_bootparam	- print boot parameters of device
printenv- print environment variables
protect - enable or disable FLASH write protection
rarpboot- boot image via network using RARP/TFTP protocol
reset - Perform RESET of the CPU
reset_dummy - Perform RESET of the CPU
run     - run commands in an environment variable
saveenv - save environment variables to persistent storage
set_bootparam	- set boot parameters of device
setenv  - set environment variables
test    - minimal test like /bin/sh
tftpboot- boot image via network using TFTP protocol
version - print monitor version

boot> dump_hw_info

MAC Addr:    aa:bb:cc:dd:ee:ff
Serial Num:  0123456789
Cntry Code:  ffff
HW Rev:      01
Prod Name:   HiveAP170
HW ID:       00
Mft Date:    20130903
Num of MACs: 64
HW Ver:      1
Ant ID:      0001
Key:         xxxxxxxxxxxxxx

boot> print_bootinfo

Bootloader static boot info:
magic                : 0x12e48de
version              : 0x2
size                 : 468
region code          : 1
country code         : 36
bl_idx               : 0
app_idx              : 0

Bootloader info:
type                 : 0xb
version              : 0x1000533
build time           : 0x549297fb

Application info:
type                 : 0xa
version              : 0x6020100
build time           : 0x549297fb

type                 : 0xa
version              : 0x6010600
build time           : 0x5397dc03

Backup application info:
flag                 : 0x1
failure count        : 0x0
type                 : 0x0

flag                 : 0x1
failure count        : 0x0
type                 : 0x0

backup app idx: 0x1, backup boot loader idx: 0x0

boot> printenv

bootargs=console=ttyS0,9600 rootfstype=squashfs
bootcmd=bootm 0xbf200000
bootdelay=4
baudrate=9600
ipaddr=10.16.2.200
serverip=10.1.1.1
loadUboot=tftpboot 0x81000000 u-boot.bin;erase 0xbf000000 +0x40000;cp.b 0x81000000 0xbf000000 0x40000
loadLinux=tftpboot 0x81000000 vmlinux.gz.uImage;erase 0xbf800000 +0x200000;cp.b 0x81000000 0xbf800000 0x200000
loadFiles=tftpboot 0x80010000 ap94-jffs2;erase 0xbf040000 +0x600000;cp.b 0x80010000 0xbf040000 0x600000
loadAll=run loadUboot;run loadLinux;run loadFiles
netretry=once
stdin=serial
stdout=serial
stderr=serial
ethact=eth0

Environment size: 570/8188 bytes


boot> version
Aerohive Boot Loader v1.0.5.33, Build time Thu Dec 18 09:01:47 2014

boot> flinfo

Bank # 1:   Size: 16384 KB in 64 Sectors
  Sector Start Addresses:
    BF000000    BF040000    BF080000    BF0C0000    BF100000   
    BF140000    BF180000    BF1C0000    BF200000    BF240000   
    BF280000    BF2C0000    BF300000    BF340000    BF380000   
    BF3C0000    BF400000    BF440000    BF480000    BF4C0000   
    BF500000    BF540000    BF580000    BF5C0000    BF600000   
    BF640000    BF680000    BF6C0000    BF700000    BF740000   
    BF780000    BF7C0000    BF800000    BF840000    BF880000   
    BF8C0000    BF900000    BF940000    BF980000    BF9C0000   
    BFA00000    BFA40000    BFA80000    BFAC0000    BFB00000   
    BFB40000    BFB80000    BFBC0000    BFC00000    BFC40000   
    BFC80000    BFCC0000    BFD00000    BFD40000    BFD80000   
    BFDC0000    BFE00000    BFE40000    BFE80000    BFEC0000   
    BFF00000    BFF40000    BFF80000    BFFC0000   

Bank # 2:   Size: 16384 KB in 64 Sectors
  Sector Start Addresses:
    C0000000    C0040000    C0080000    C00C0000    C0100000   
    C0140000    C0180000    C01C0000    C0200000    C0240000   
    C0280000    C02C0000    C0300000    C0340000    C0380000   
    C03C0000    C0400000    C0440000    C0480000    C04C0000   
    C0500000    C0540000    C0580000    C05C0000    C0600000   
    C0640000    C0680000    C06C0000    C0700000    C0740000   
    C0780000    C07C0000    C0800000    C0840000    C0880000   
    C08C0000    C0900000    C0940000    C0980000    C09C0000   
    C0A00000    C0A40000    C0A80000    C0AC0000    C0B00000   
    C0B40000    C0B80000    C0BC0000    C0C00000    C0C40000   
    C0C80000    C0CC0000    C0D00000    C0D40000    C0D80000   
    C0DC0000    C0E00000    C0E40000    C0E80000    C0EC0000   
    C0F00000    C0F40000    C0F80000    C0FC0000   

Bank # 3:   Size: 16384 KB in 64 Sectors
  Sector Start Addresses:
    C1000000    C1040000    C1080000    C10C0000    C1100000   
    C1140000    C1180000    C11C0000    C1200000    C1240000   
    C1280000    C12C0000    C1300000    C1340000    C1380000   
    C13C0000    C1400000    C1440000    C1480000    C14C0000   
    C1500000    C1540000    C1580000    C15C0000    C1600000   
    C1640000    C1680000    C16C0000    C1700000    C1740000   
    C1780000    C17C0000    C1800000    C1840000    C1880000   
    C18C0000    C1900000    C1940000    C1980000    C19C0000   
    C1A00000    C1A40000    C1A80000    C1AC0000    C1B00000   
    C1B40000    C1B80000    C1BC0000    C1C00000    C1C40000   
    C1C80000    C1CC0000    C1D00000    C1D40000    C1D80000   
    C1DC0000    C1E00000    C1E40000    C1E80000    C1EC0000   
    C1F00000    C1F40000    C1F80000    C1FC0000   

Bank # 4:   Size: 16384 KB in 64 Sectors
  Sector Start Addresses:
    C2000000    C2040000    C2080000    C20C0000    C2100000   
    C2140000    C2180000    C21C0000    C2200000    C2240000   
    C2280000    C22C0000    C2300000    C2340000    C2380000   
    C23C0000    C2400000    C2440000    C2480000    C24C0000   
    C2500000    C2540000    C2580000    C25C0000    C2600000   
    C2640000    C2680000    C26C0000    C2700000    C2740000   
    C2780000    C27C0000    C2800000    C2840000    C2880000   
    C28C0000    C2900000    C2940000    C2980000    C29C0000   
    C2A00000    C2A40000    C2A80000    C2AC0000    C2B00000   
    C2B40000    C2B80000    C2BC0000    C2C00000    C2C40000   
    C2C80000    C2CC0000    C2D00000    C2D40000    C2D80000   
    C2DC0000    C2E00000    C2E40000    C2E80000    C2EC0000   
    C2F00000    C2F40000    C2F80000    C2FC0000   

boot> reset
Resetting...
Hit the space bar to stop the autoboot process:  4 3 2 1 0 
Mounting local file systems...
mount: mounting sysfs on /sys failed: No such file or directory
Aerohive Wireless Extension 1.0.0 ... INIT!
Aerohive Forwarding Engine module ... INIT!
Image L7 repository version 4, checking existing L7 repository... ...
Existing L7 repository version 4
Nothing to be done with L7 repository version 4
eth0: Link down
eth0 status: link up, 1000Mbps full duplex
disabling hidden ssid 

Welcome to Aerohive Product
AC170B login: 